{"level":"info","message":"Redis connection established","timestamp":"2025-09-28T13:44:32.898Z"}
{"level":"info","message":"Redis connection established","timestamp":"2025-09-28T13:46:23.241Z"}
{"level":"info","message":"Redis connection established","timestamp":"2025-09-29T10:54:41.176Z"}
{"level":"info","message":"Redis connection established","timestamp":"2025-09-29T15:11:59.443Z"}
{"level":"info","message":"Redis connection established","timestamp":"2025-09-29T15:13:34.676Z"}
{"level":"info","message":"Redis connection established","timestamp":"2025-09-29T17:05:02.019Z"}
{"level":"info","message":"Redis connection established","timestamp":"2025-09-29T17:16:48.407Z"}
{"level":"info","message":"Redis connection established","timestamp":"2025-09-29T17:24:44.116Z"}
{"level":"info","message":"OTP email sent successfully","recipient":"gyvur@mailinator.com","timestamp":"2025-09-29T17:25:30.747Z"}
{"level":"info","message":"OTP email sent successfully","recipient":"gyvur@mailinator.com","timestamp":"2025-09-29T17:25:31.346Z"}
{"level":"info","message":"OTP email sent successfully","recipient":"gyvur@mailinator.com","timestamp":"2025-09-29T17:27:33.692Z"}
{"level":"info","message":"OTP email sent successfully","recipient":"gyvur@mailinator.com","timestamp":"2025-09-29T17:27:34.704Z"}
{"level":"info","message":"OTP email sent successfully","recipient":"sesoqimos@mailinator.com","timestamp":"2025-09-29T17:28:28.679Z"}
{"level":"info","message":"OTP email sent successfully","recipient":"sesoqimos@mailinator.com","timestamp":"2025-09-29T17:28:29.313Z"}
{"level":"info","message":"OTP email sent successfully","recipient":"gyvur@mailinator.com","timestamp":"2025-09-29T17:28:30.129Z"}
{"level":"info","message":"OTP email sent successfully","recipient":"gyvur@mailinator.com","timestamp":"2025-09-29T17:28:30.753Z"}
{"level":"info","message":"Redis connection established","timestamp":"2025-09-29T17:29:19.072Z"}
{"level":"info","message":"OTP email sent successfully 751318","recipient":"gahykyx@mailinator.com","timestamp":"2025-09-29T17:29:32.878Z"}
{"level":"info","message":"OTP email sent successfully 751318","recipient":"gahykyx@mailinator.com","timestamp":"2025-09-29T17:29:33.892Z"}
{"level":"info","message":"OTP email sent successfully 155268","recipient":"gyvur@mailinator.com","timestamp":"2025-09-29T17:29:34.604Z"}
{"level":"info","message":"OTP email sent successfully 155268","recipient":"gyvur@mailinator.com","timestamp":"2025-09-29T17:29:35.596Z"}
{"level":"info","message":"OTP email sent successfully 565637","recipient":"gehyv@mailinator.com","timestamp":"2025-09-29T17:31:16.631Z"}
{"level":"info","message":"OTP email sent successfully 565637","recipient":"gehyv@mailinator.com","timestamp":"2025-09-29T17:31:17.248Z"}
{"level":"info","message":"OTP email sent successfully 993905","recipient":"rebyc@mailinator.com","timestamp":"2025-09-29T17:33:58.691Z"}
{"level":"info","message":"OTP email sent successfully 993905","recipient":"rebyc@mailinator.com","timestamp":"2025-09-29T17:33:59.316Z"}
{"level":"info","message":"Redis connection established","timestamp":"2025-09-29T17:34:16.060Z"}
{"level":"info","message":"OTP email sent successfully 912898","recipient":"piqec@mailinator.com","timestamp":"2025-09-29T17:36:01.837Z"}
{"level":"info","message":"OTP email sent successfully 912898","recipient":"piqec@mailinator.com","timestamp":"2025-09-29T17:36:02.506Z"}
{"level":"info","message":"Redis connection established","timestamp":"2025-09-29T17:54:22.711Z"}
{"level":"info","message":"OTP email sent successfully 978278","recipient":"kabadol@mailinator.com","timestamp":"2025-09-29T17:55:03.844Z"}
{"level":"info","message":"OTP email sent successfully 978278","recipient":"kabadol@mailinator.com","timestamp":"2025-09-29T17:55:04.440Z"}
{"level":"info","message":"OTP email sent successfully 333855","recipient":"dysape@mailinator.com","timestamp":"2025-09-29T18:09:27.356Z"}
{"level":"info","message":"OTP email sent successfully 333855","recipient":"dysape@mailinator.com","timestamp":"2025-09-29T18:09:28.091Z"}
{"level":"info","message":"Redis connection established","timestamp":"2025-09-29T18:17:07.984Z"}
{"level":"info","message":"OTP email sent successfully 951673","recipient":"qucazeqady@mailinator.com","timestamp":"2025-09-29T18:18:22.487Z"}
{"level":"info","message":"OTP email sent successfully 951673","recipient":"qucazeqady@mailinator.com","timestamp":"2025-09-29T18:18:23.098Z"}
{"level":"info","message":"Redis connection established","timestamp":"2025-09-29T18:44:24.672Z"}
{"level":"info","message":"OTP email sent successfully 661201","recipient":"maxes@mailinator.com","timestamp":"2025-09-29T18:44:45.713Z"}
{"level":"info","message":"OTP email sent successfully 661201","recipient":"maxes@mailinator.com","timestamp":"2025-09-29T18:44:46.959Z"}
{"level":"info","message":"OTP email sent successfully 784941","recipient":"kolar@mailinator.com","timestamp":"2025-09-29T18:45:11.664Z"}
{"level":"info","message":"OTP email sent successfully 784941","recipient":"kolar@mailinator.com","timestamp":"2025-09-29T18:45:12.636Z"}
{"level":"info","message":"Redis connection established","timestamp":"2025-09-29T19:04:17.737Z"}
{"level":"info","message":"Redis connection established","timestamp":"2025-09-29T19:15:43.469Z"}
{"level":"info","message":"OTP email sent successfully 566390","recipient":"dulebixuj@mailinator.com","timestamp":"2025-09-29T19:18:59.880Z"}
{"level":"info","message":"OTP email sent successfully 566390","recipient":"dulebixuj@mailinator.com","timestamp":"2025-09-29T19:19:00.548Z"}
{"level":"info","message":"Redis connection established","timestamp":"2025-09-29T19:22:39.113Z"}
{"level":"info","message":"OTP email sent successfully 332186","recipient":"fafo@mailinator.com","timestamp":"2025-09-29T19:23:21.466Z"}
{"level":"info","message":"OTP email sent successfully 332186","recipient":"fafo@mailinator.com","timestamp":"2025-09-29T19:23:22.327Z"}
{"level":"info","message":"Redis connection established","timestamp":"2025-09-29T19:36:34.900Z"}
{"level":"info","message":"OTP email sent successfully 233472","recipient":"cypevipaji@mailinator.com","timestamp":"2025-09-29T19:37:26.681Z"}
{"level":"info","message":"OTP email sent successfully 233472","recipient":"cypevipaji@mailinator.com","timestamp":"2025-09-29T19:37:27.602Z"}
{"level":"info","message":"Redis connection established","timestamp":"2025-09-29T19:42:14.663Z"}
{"level":"info","message":"OTP email sent successfully 047291","recipient":"huxylesaqe@mailinator.com","timestamp":"2025-09-29T19:42:49.986Z"}
{"level":"info","message":"OTP email sent successfully 047291","recipient":"huxylesaqe@mailinator.com","timestamp":"2025-09-29T19:42:50.644Z"}
{"level":"info","message":"Redis connection established","timestamp":"2025-09-29T19:48:40.756Z"}
{"level":"info","message":"OTP email sent successfully 555230","recipient":"gihynapyq@mailinator.com","timestamp":"2025-09-29T19:49:56.403Z"}
{"level":"info","message":"OTP email sent successfully 555230","recipient":"gihynapyq@mailinator.com","timestamp":"2025-09-29T19:49:57.069Z"}
{"level":"info","message":"OTP email sent successfully 786897","recipient":"tihevej@mailinator.com","timestamp":"2025-09-29T19:51:05.660Z"}
{"level":"info","message":"OTP email sent successfully 786897","recipient":"tihevej@mailinator.com","timestamp":"2025-09-29T19:51:08.535Z"}
{"level":"info","message":"OTP email sent successfully 439682","recipient":"qiqija@mailinator.com","timestamp":"2025-09-29T19:54:08.707Z"}
{"level":"info","message":"OTP email sent successfully 439682","recipient":"qiqija@mailinator.com","timestamp":"2025-09-29T19:54:09.311Z"}
{"level":"info","message":"OTP email sent successfully 444354","recipient":"bitykuduke@mailinator.com","timestamp":"2025-09-29T19:57:46.143Z"}
{"level":"info","message":"OTP email sent successfully 444354","recipient":"bitykuduke@mailinator.com","timestamp":"2025-09-29T19:57:46.796Z"}
{"level":"info","message":"Redis connection established","timestamp":"2025-09-29T20:00:13.787Z"}
{"level":"info","message":"OTP email sent successfully 428360","recipient":"sixu@mailinator.com","timestamp":"2025-09-29T20:00:51.612Z"}
{"level":"info","message":"OTP email sent successfully 428360","recipient":"sixu@mailinator.com","timestamp":"2025-09-29T20:00:53.391Z"}
{"level":"info","message":"Redis connection established","timestamp":"2025-09-29T20:23:18.952Z"}
{"error":"read ECONNRESET","level":"error","message":"Failed to send OTP email","recipient":"fybaf@mailinator.com","timestamp":"2025-09-29T20:23:58.559Z"}
{"level":"info","message":"OTP email sent successfully 944398","recipient":"bepu@mailinator.com","timestamp":"2025-09-29T20:25:11.267Z"}
{"level":"info","message":"OTP email sent successfully 944398","recipient":"bepu@mailinator.com","timestamp":"2025-09-29T20:25:11.919Z"}
{"level":"info","message":"OTP email sent successfully 906278","recipient":"mywuv@mailinator.com","timestamp":"2025-09-29T20:29:21.214Z"}
{"level":"info","message":"OTP email sent successfully 906278","recipient":"mywuv@mailinator.com","timestamp":"2025-09-29T20:29:21.897Z"}
{"level":"info","message":"Redis connection established","timestamp":"2025-09-29T20:39:07.617Z"}
{"level":"info","message":"OTP email sent successfully 399629","recipient":"hyqovo@mailinator.com","timestamp":"2025-09-29T20:39:30.954Z"}
{"level":"info","message":"OTP email sent successfully 399629","recipient":"hyqovo@mailinator.com","timestamp":"2025-09-29T20:39:31.570Z"}
{"level":"info","message":"OTP email sent successfully 527200","recipient":"fezu@mailinator.com","timestamp":"2025-09-29T20:40:45.937Z"}
{"level":"info","message":"OTP email sent successfully 527200","recipient":"fezu@mailinator.com","timestamp":"2025-09-29T20:40:47.608Z"}
{"level":"info","message":"OTP email sent successfully 636411","recipient":"reza@mailinator.com","timestamp":"2025-09-29T20:41:37.338Z"}
{"level":"info","message":"OTP email sent successfully 636411","recipient":"reza@mailinator.com","timestamp":"2025-09-29T20:41:38.045Z"}
{"level":"info","message":"OTP email sent successfully 076108","recipient":"migoxodury@mailinator.com","timestamp":"2025-09-29T20:43:02.829Z"}
{"level":"info","message":"OTP email sent successfully 076108","recipient":"migoxodury@mailinator.com","timestamp":"2025-09-29T20:43:03.716Z"}
{"level":"info","message":"Redis connection established","timestamp":"2025-09-29T20:45:00.261Z"}
{"level":"info","message":"OTP email sent successfully 511627","recipient":"hyhakug@mailinator.com","timestamp":"2025-09-29T20:46:15.603Z"}
{"level":"info","message":"OTP email sent successfully 511627","recipient":"hyhakug@mailinator.com","timestamp":"2025-09-29T20:46:17.231Z"}
{"level":"info","message":"OTP email sent successfully 143274","recipient":"posukufu@mailinator.com","timestamp":"2025-09-29T20:57:25.024Z"}
{"level":"info","message":"OTP email sent successfully 143274","recipient":"posukufu@mailinator.com","timestamp":"2025-09-29T20:57:26.067Z"}
{"level":"info","message":"Redis connection established","timestamp":"2025-09-29T20:58:19.333Z"}
{"level":"info","message":"OTP email sent successfully 280153","recipient":"fyqucadaqi@mailinator.com","timestamp":"2025-09-29T20:58:55.173Z"}
{"level":"info","message":"OTP email sent successfully 280153","recipient":"fyqucadaqi@mailinator.com","timestamp":"2025-09-29T20:58:55.796Z"}
{"level":"info","message":"OTP email sent successfully 893536","recipient":"fyqucadaqi@mailinator.com","timestamp":"2025-09-29T21:00:21.043Z"}
{"level":"info","message":"OTP email sent successfully 893536","recipient":"fyqucadaqi@mailinator.com","timestamp":"2025-09-29T21:00:21.729Z"}
{"level":"info","message":"Redis connection established","timestamp":"2025-09-29T21:23:55.942Z"}
{"level":"info","message":"OTP email sent successfully 647334","recipient":"cygaj@mailinator.com","timestamp":"2025-09-29T21:24:52.295Z"}
{"level":"info","message":"OTP email sent successfully 647334","recipient":"cygaj@mailinator.com","timestamp":"2025-09-29T21:24:52.977Z"}
{"level":"info","message":"OTP email sent successfully 914125","recipient":"cygaj@mailinator.com","timestamp":"2025-09-29T21:26:11.806Z"}
{"level":"info","message":"OTP email sent successfully 914125","recipient":"cygaj@mailinator.com","timestamp":"2025-09-29T21:26:12.463Z"}
{"level":"info","message":"Redis connection established","timestamp":"2025-09-29T21:42:21.868Z"}
{"level":"info","message":"OTP email sent successfully 408706","recipient":"kedajy@mailinator.com","timestamp":"2025-09-29T21:43:57.340Z"}
{"level":"info","message":"OTP email sent successfully 408706","recipient":"kedajy@mailinator.com","timestamp":"2025-09-29T21:43:57.980Z"}
{"level":"info","message":"OTP email sent successfully 997250","recipient":"rydyduh@mailinator.com","timestamp":"2025-09-29T21:50:44.848Z"}
{"level":"info","message":"OTP email sent successfully 997250","recipient":"rydyduh@mailinator.com","timestamp":"2025-09-29T21:50:45.457Z"}
{"level":"info","message":"Redis connection established","timestamp":"2025-09-30T01:52:56.206Z"}
{"level":"info","message":"OTP email sent successfully 158149","recipient":"meperu@mailinator.com","timestamp":"2025-09-30T01:53:34.885Z"}
{"level":"info","message":"OTP email sent successfully 158149","recipient":"meperu@mailinator.com","timestamp":"2025-09-30T01:53:35.551Z"}
{"level":"info","message":"Redis connection established","timestamp":"2025-09-30T02:21:26.996Z"}
{"level":"info","message":"OTP email sent successfully 504921","recipient":"zuxicuxury@mailinator.com","timestamp":"2025-09-30T02:22:10.499Z"}
{"level":"info","message":"OTP email sent successfully 504921","recipient":"zuxicuxury@mailinator.com","timestamp":"2025-09-30T02:22:11.008Z"}
{"level":"info","message":"Redis connection established","timestamp":"2025-09-30T02:36:01.881Z"}
{"level":"info","message":"Redis connection established","timestamp":"2025-09-30T02:58:47.504Z"}
{"level":"info","message":"Redis connection established","timestamp":"2025-09-30T03:15:14.991Z"}
{"level":"info","message":"Redis connection established","timestamp":"2025-09-30T03:36:31.622Z"}
{"level":"info","message":"Redis connection established","timestamp":"2025-09-30T03:39:20.601Z"}
{"level":"info","message":"Redis connection established","timestamp":"2025-09-30T04:14:49.432Z"}
{"level":"info","message":"Redis connection established","timestamp":"2025-09-30T05:48:43.030Z"}
{"level":"info","message":"Redis connection established","timestamp":"2025-09-30T06:06:12.097Z"}
{"level":"info","message":"Redis connection established","timestamp":"2025-09-30T06:43:21.488Z"}
{"level":"info","message":"Redis connection established","timestamp":"2025-09-30T06:55:11.699Z"}
{"level":"info","message":"Redis connection established","timestamp":"2025-09-30T07:28:38.131Z"}
{"level":"info","message":"Redis connection established","timestamp":"2025-09-30T07:32:00.592Z"}
{"level":"info","message":"Redis connection established","timestamp":"2025-09-30T07:59:47.420Z"}
{"level":"info","message":"Redis connection established","timestamp":"2025-09-30T08:53:58.865Z"}
{"level":"info","message":"Redis connection established","timestamp":"2025-09-30T09:07:46.864Z"}
{"level":"info","message":"Redis connection established","timestamp":"2025-09-30T09:13:38.056Z"}
{"level":"info","message":"Redis connection established","timestamp":"2025-09-30T11:38:17.447Z"}
{"level":"info","message":"Redis connection established","timestamp":"2025-09-30T11:53:28.311Z"}
{"level":"info","message":"Redis connection established","timestamp":"2025-09-30T12:13:38.589Z"}
{"level":"info","message":"Redis connection established","timestamp":"2025-09-30T12:25:50.346Z"}
{"level":"info","message":"Redis connection established","timestamp":"2025-09-30T12:44:08.701Z"}
{"level":"info","message":"Redis connection established","timestamp":"2025-09-30T13:17:30.877Z"}
{"level":"info","message":"Redis connection established","timestamp":"2025-09-30T14:33:44.265Z"}
{"level":"info","message":"OTP email sent successfully 207532","recipient":"hokomul@mailinator.com","timestamp":"2025-09-30T14:56:49.614Z"}
{"level":"info","message":"OTP email sent successfully 207532","recipient":"hokomul@mailinator.com","timestamp":"2025-09-30T14:56:50.263Z"}
{"level":"info","message":"OTP email sent successfully 729421","recipient":"zelewar@mailinator.com","timestamp":"2025-09-30T15:30:29.973Z"}
{"level":"info","message":"OTP email sent successfully 729421","recipient":"zelewar@mailinator.com","timestamp":"2025-09-30T15:30:30.661Z"}
{"level":"info","message":"OTP email sent successfully 819369","recipient":"zelewar@mailinator.com","timestamp":"2025-09-30T15:48:42.870Z"}
{"level":"info","message":"OTP email sent successfully 819369","recipient":"zelewar@mailinator.com","timestamp":"2025-09-30T15:48:43.488Z"}
{"level":"info","message":"OTP email sent successfully 217564","recipient":"lovaka@mailinator.com","timestamp":"2025-09-30T15:53:34.005Z"}
{"level":"info","message":"OTP email sent successfully 217564","recipient":"lovaka@mailinator.com","timestamp":"2025-09-30T15:53:34.613Z"}
{"level":"info","message":"OTP email sent successfully 384074","recipient":"zelewar@mailinator.com","timestamp":"2025-09-30T15:53:35.340Z"}
{"level":"info","message":"OTP email sent successfully 384074","recipient":"zelewar@mailinator.com","timestamp":"2025-09-30T15:53:35.960Z"}
{"level":"info","message":"OTP email sent successfully 105163","recipient":"mijiheweja@mailinator.com","timestamp":"2025-09-30T15:55:08.404Z"}
{"level":"info","message":"OTP email sent successfully 105163","recipient":"mijiheweja@mailinator.com","timestamp":"2025-09-30T15:55:08.986Z"}
{"level":"info","message":"Redis connection established","timestamp":"2025-10-03T05:48:47.183Z"}
{"level":"info","message":"OTP email sent successfully 137991","recipient":"kosazi@mailinator.com","timestamp":"2025-10-03T05:49:55.420Z"}
{"level":"info","message":"OTP email sent successfully 137991","recipient":"kosazi@mailinator.com","timestamp":"2025-10-03T05:49:56.016Z"}
